<?xml version="1.0" encoding="UTF-8"?>
<!-- Generated by org.testng.reporters.JUnitXMLReporter -->
<testsuite ignored="0" hostname="PRANAYC" failures="0" tests="3" name="Test" time="8.993" errors="0" timestamp="2023-05-23T19:50:38 IST">
  <testcase classname="testClassPackage.post_tc_1" name="execute" time="5.275"/>
  <testcase classname="testClassPackage.post_tc_2" name="execute" time="1.673"/>
  <testcase classname="testClassPackage.post_tc_3" name="execute" time="1.919"/>
</testsuite> <!-- Test -->
