<?xml version="1.0" encoding="UTF-8"?>
<testng-results ignored="0" total="3" passed="3" failed="0" skipped="0">
  <reporter-output>
  </reporter-output>
  <suite started-at="2023-05-23T19:50:29 IST" name="Suite" finished-at="2023-05-23T19:50:38 IST" duration-ms="8993">
    <groups>
    </groups>
    <test started-at="2023-05-23T19:50:29 IST" name="Test" finished-at="2023-05-23T19:50:38 IST" duration-ms="8993">
      <class name="testClassPackage.post_tc_3">
        <test-method signature="execute()[pri:0, instance:testClassPackage.post_tc_3@795509d9]" started-at="2023-05-23T19:50:36 IST" name="execute" finished-at="2023-05-23T19:50:38 IST" duration-ms="1919" status="PASS">
          <reporter-output>
          </reporter-output>
        </test-method> <!-- execute -->
      </class> <!-- testClassPackage.post_tc_3 -->
      <class name="testClassPackage.post_tc_2">
        <test-method signature="execute()[pri:0, instance:testClassPackage.post_tc_2@19e4653c]" started-at="2023-05-23T19:50:34 IST" name="execute" finished-at="2023-05-23T19:50:36 IST" duration-ms="1673" status="PASS">
          <reporter-output>
          </reporter-output>
        </test-method> <!-- execute -->
      </class> <!-- testClassPackage.post_tc_2 -->
      <class name="testClassPackage.post_tc_1">
        <test-method signature="execute()[pri:0, instance:testClassPackage.post_tc_1@202b0582]" started-at="2023-05-23T19:50:29 IST" name="execute" finished-at="2023-05-23T19:50:34 IST" duration-ms="5275" status="PASS">
          <reporter-output>
          </reporter-output>
        </test-method> <!-- execute -->
      </class> <!-- testClassPackage.post_tc_1 -->
    </test> <!-- Test -->
  </suite> <!-- Suite -->
</testng-results>
